19:31:13 **** Build of configuration Nios II for project ex3_ucosii_tasks ****
make all 
Info: Building /home/xix277/engr-ece/Winter_Sem_2022/CME332/cme332_ex3_usosii_tasks/ex3_ucosii_tasks_bsp/
make --no-print-directory -C /home/xix277/engr-ece/Winter_Sem_2022/CME332/cme332_ex3_usosii_tasks/ex3_ucosii_tasks_bsp/
[BSP build complete]
Info: Compiling ex3_ucosii_tasks.c to obj/default/ex3_ucosii_tasks.o
nios2-elf-gcc -xc -MP -MMD -c -I/home/xix277/engr-ece/Winter_Sem_2022/CME332/cme332_ex3_usosii_tasks/ex3_ucosii_tasks_bsp//UCOSII/inc -I/home/xix277/engr-ece/Winter_Sem_2022/CME332/cme332_ex3_usosii_tasks/ex3_ucosii_tasks_bsp//HAL/inc -I/home/xix277/engr-ece/Winter_Sem_2022/CME332/cme332_ex3_usosii_tasks/ex3_ucosii_tasks_bsp/ -I/home/xix277/engr-ece/Winter_Sem_2022/CME332/cme332_ex3_usosii_tasks/ex3_ucosii_tasks_bsp//drivers/inc  -pipe -D__hal__ -DALT_NO_INSTRUCTION_EMULATION -D__ucosii__    -O0 -g -Wall   -mhw-div -mcustom-fpu-cfg=60-2 -mhw-mul -mhw-mulx -mgpopt=global  -o obj/default/ex3_ucosii_tasks.o ex3_ucosii_tasks.c
In file included from ex3_ucosii_tasks.c:16:
address_map_nios2.h:11: warning: "SDRAM_BASE" redefined
   11 | #define SDRAM_BASE   0x00000000
      | 
In file included from /home/xix277/engr-ece/Winter_Sem_2022/CME332/cme332_ex3_usosii_tasks/ex3_ucosii_tasks_bsp//HAL/inc/sys/alt_irq.h:52,
                 from /home/xix277/engr-ece/Winter_Sem_2022/CME332/cme332_ex3_usosii_tasks/ex3_ucosii_tasks_bsp//HAL/inc/os_cpu.h:59,
                 from /home/xix277/engr-ece/Winter_Sem_2022/CME332/cme332_ex3_usosii_tasks/ex3_ucosii_tasks_bsp//HAL/inc/includes.h:21,
                 from ex3_ucosii_tasks.c:15:
/home/xix277/engr-ece/Winter_Sem_2022/CME332/cme332_ex3_usosii_tasks/ex3_ucosii_tasks_bsp/system.h:524: note: this is the location of the previous definition
  524 | #define SDRAM_BASE 0x0
      | 
In file included from ex3_ucosii_tasks.c:16:
address_map_nios2.h:30: warning: "HEX3_HEX0_BASE" redefined
   30 | #define HEX3_HEX0_BASE   0xFF200020
      | 
In file included from /home/xix277/engr-ece/Winter_Sem_2022/CME332/cme332_ex3_usosii_tasks/ex3_ucosii_tasks_bsp//HAL/inc/sys/alt_irq.h:52,
                 from /home/xix277/engr-ece/Winter_Sem_2022/CME332/cme332_ex3_usosii_tasks/ex3_ucosii_tasks_bsp//HAL/inc/os_cpu.h:59,
                 from /home/xix277/engr-ece/Winter_Sem_2022/CME332/cme332_ex3_usosii_tasks/ex3_ucosii_tasks_bsp//HAL/inc/includes.h:21,
                 from ex3_ucosii_tasks.c:15:
/home/xix277/engr-ece/Winter_Sem_2022/CME332/cme332_ex3_usosii_tasks/ex3_ucosii_tasks_bsp/system.h:304: note: this is the location of the previous definition
  304 | #define HEX3_HEX0_BASE 0xff200020
      | 
In file included from ex3_ucosii_tasks.c:16:
address_map_nios2.h:31: warning: "HEX7_HEX4_BASE" redefined
   31 | #define HEX7_HEX4_BASE   0xFF200030
      | 
In file included from /home/xix277/engr-ece/Winter_Sem_2022/CME332/cme332_ex3_usosii_tasks/ex3_ucosii_tasks_bsp//HAL/inc/sys/alt_irq.h:52,
                 from /home/xix277/engr-ece/Winter_Sem_2022/CME332/cme332_ex3_usosii_tasks/ex3_ucosii_tasks_bsp//HAL/inc/os_cpu.h:59,
                 from /home/xix277/engr-ece/Winter_Sem_2022/CME332/cme332_ex3_usosii_tasks/ex3_ucosii_tasks_bsp//HAL/inc/includes.h:21,
                 from ex3_ucosii_tasks.c:15:
/home/xix277/engr-ece/Winter_Sem_2022/CME332/cme332_ex3_usosii_tasks/ex3_ucosii_tasks_bsp/system.h:331: note: this is the location of the previous definition
  331 | #define HEX7_HEX4_BASE 0xff200030
      | 
In file included from ex3_ucosii_tasks.c:16:
address_map_nios2.h:38: warning: "USB_BASE" redefined
   38 | #define USB_BASE   0xFF200110
      | 
In file included from /home/xix277/engr-ece/Winter_Sem_2022/CME332/cme332_ex3_usosii_tasks/ex3_ucosii_tasks_bsp//HAL/inc/sys/alt_irq.h:52,
                 from /home/xix277/engr-ece/Winter_Sem_2022/CME332/cme332_ex3_usosii_tasks/ex3_ucosii_tasks_bsp//HAL/inc/os_cpu.h:59,
                 from /home/xix277/engr-ece/Winter_Sem_2022/CME332/cme332_ex3_usosii_tasks/ex3_ucosii_tasks_bsp//HAL/inc/includes.h:21,
                 from ex3_ucosii_tasks.c:15:
/home/xix277/engr-ece/Winter_Sem_2022/CME332/cme332_ex3_usosii_tasks/ex3_ucosii_tasks_bsp/system.h:684: note: this is the location of the previous definition
  684 | #define USB_BASE 0xff200110
      | 
In file included from ex3_ucosii_tasks.c:16:
address_map_nios2.h:39: warning: "JTAG_UART_BASE" redefined
   39 | #define JTAG_UART_BASE   0xFF201000
      | 
In file included from /home/xix277/engr-ece/Winter_Sem_2022/CME332/cme332_ex3_usosii_tasks/ex3_ucosii_tasks_bsp//HAL/inc/sys/alt_irq.h:52,
                 from /home/xix277/engr-ece/Winter_Sem_2022/CME332/cme332_ex3_usosii_tasks/ex3_ucosii_tasks_bsp//HAL/inc/os_cpu.h:59,
                 from /home/xix277/engr-ece/Winter_Sem_2022/CME332/cme332_ex3_usosii_tasks/ex3_ucosii_tasks_bsp//HAL/inc/includes.h:21,
                 from ex3_ucosii_tasks.c:15:
/home/xix277/engr-ece/Winter_Sem_2022/CME332/cme332_ex3_usosii_tasks/ex3_ucosii_tasks_bsp/system.h:424: note: this is the location of the previous definition
  424 | #define JTAG_UART_BASE 0xff201000
      | 
In file included from ex3_ucosii_tasks.c:16:
address_map_nios2.h:44: warning: "AV_CONFIG_BASE" redefined
   44 | #define AV_CONFIG_BASE   0xFF203000
      | 
In file included from /home/xix277/engr-ece/Winter_Sem_2022/CME332/cme332_ex3_usosii_tasks/ex3_ucosii_tasks_bsp//HAL/inc/sys/alt_irq.h:52,
                 from /home/xix277/engr-ece/Winter_Sem_2022/CME332/cme332_ex3_usosii_tasks/ex3_ucosii_tasks_bsp//HAL/inc/os_cpu.h:59,
                 from /home/xix277/engr-ece/Winter_Sem_2022/CME332/cme332_ex3_usosii_tasks/ex3_ucosii_tasks_bsp//HAL/inc/includes.h:21,
                 from ex3_ucosii_tasks.c:15:
/home/xix277/engr-ece/Winter_Sem_2022/CME332/cme332_ex3_usosii_tasks/ex3_ucosii_tasks_bsp/system.h:64: note: this is the location of the previous definition
   64 | #define AV_CONFIG_BASE 0xff203000
      | 
Info: Linking ex3_ucosii_tasks.elf
nios2-elf-g++  -T'/home/xix277/engr-ece/Winter_Sem_2022/CME332/cme332_ex3_usosii_tasks/ex3_ucosii_tasks_bsp//linker.x' -msys-crt0='/home/xix277/engr-ece/Winter_Sem_2022/CME332/cme332_ex3_usosii_tasks/ex3_ucosii_tasks_bsp//obj/HAL/src/crt0.o' -msys-lib=ucosii_bsp -L/home/xix277/engr-ece/Winter_Sem_2022/CME332/cme332_ex3_usosii_tasks/ex3_ucosii_tasks_bsp/  -mcustom-fpu-cfg=60-2  -Wl,-Map=ex3_ucosii_tasks.map   -O0 -g -Wall   -mhw-div -mcustom-fpu-cfg=60-2 -mhw-mul -mhw-mulx -mgpopt=global  -o ex3_ucosii_tasks.elf obj/default/ex3_ucosii_tasks.o -lm -msys-lib=m
nios2-elf-insert ex3_ucosii_tasks.elf --thread_model ucosii --cpu_name Nios2 --qsys true --simulation_enabled false --id 0 --sidp 0xff202040 --timestamp 1555017408 --stderr_dev JTAG_UART --stdin_dev JTAG_UART --stdout_dev JTAG_UART --sopc_system_name Computer_System --quartus_project_dir "/opt/intelFPGA/20.1.1/University_Program/Computer_Systems/DE2-115/DE2-115_Computer/verilog" --sopcinfo /opt/intelFPGA/20.1.1/University_Program/Computer_Systems/DE2-115/DE2-115_Computer/verilog/Computer_System.sopcinfo
Info: (ex3_ucosii_tasks.elf) 100 KBytes program size (code + initialized data).
Info:                        65429 KBytes free for stack + heap.
Info: Creating ex3_ucosii_tasks.objdump
nios2-elf-objdump --disassemble --syms --all-header --source ex3_ucosii_tasks.elf >ex3_ucosii_tasks.objdump
[ex3_ucosii_tasks build complete]
19:31:19 **** Incremental Build of configuration Nios II for project ex3_ucosii_tasks ****
make all 
Info: Building /home/xix277/engr-ece/Winter_Sem_2022/CME332/cme332_ex3_usosii_tasks/ex3_ucosii_tasks_bsp/
make --no-print-directory -C /home/xix277/engr-ece/Winter_Sem_2022/CME332/cme332_ex3_usosii_tasks/ex3_ucosii_tasks_bsp/
[BSP build complete]
[ex3_ucosii_tasks build complete]
